2025-12-02 19:37:08,407 - DEBUG - Parsing file: /tmp/y,]JX=y}{S.py
2025-12-02 19:37:08,408 - DEBUG - Parsing file: /tmp/X]Q9S:m#yT.py
2025-12-02 19:37:08,408 - DEBUG - Parsing file: /tmp/MBaNjh6a\q.py
2025-12-02 19:37:08,408 - DEBUG - Parsing file: /tmp/jl,Cq5k")@.py
2025-12-02 19:37:08,409 - DEBUG - Parsing file: /tmp/}z(>}VM.Z^.py
2025-12-02 19:37:08,409 - DEBUG - Parsing file: /tmp/Q{XJwOmk-s.py
2025-12-02 19:37:08,409 - DEBUG - Parsing file: /tmp/hF\i5V_R~O.py
2025-12-02 19:37:08,409 - DEBUG - Parsing file: /tmp/>K@0eMg4z).py
2025-12-02 19:37:08,409 - DEBUG - Parsing file: /tmp/:v!yMsT,u[.py
2025-12-02 19:37:08,410 - DEBUG - Parsing file: /tmp/3Zyd4tO&#>.py
2025-12-02 19:37:08,410 - DEBUG - Parsing file: /tmp/pz28;]`*Li.py
2025-12-02 19:37:08,410 - DEBUG - Parsing file: /tmp/jt}J6>o'Ph.py
2025-12-02 19:37:08,410 - DEBUG - Parsing file: /tmp/};erj+L$WR.py
2025-12-02 19:37:08,411 - DEBUG - Parsing file: /tmp/L4l1Kspe6+.py
2025-12-02 19:37:08,411 - DEBUG - Parsing file: /tmp/2nVkfR\aYN.py
2025-12-02 19:37:08,411 - DEBUG - Parsing file: /tmp/Qu+cQUvr9Q.py
2025-12-02 19:37:08,411 - DEBUG - Parsing file: /tmp/ClGW9pFzl|.py
2025-12-02 19:37:08,411 - DEBUG - Parsing file: /tmp/wCGx~tn}O~.py
2025-12-02 19:37:08,411 - DEBUG - Parsing file: /tmp/Ne#938YI#M.py
2025-12-02 19:37:08,412 - DEBUG - Parsing file: /tmp/?GQmelG"vF.py
2025-12-02 19:37:08,412 - DEBUG - Parsing file: /tmp/jWUUtNqFoC.py
2025-12-02 19:37:08,412 - DEBUG - Parsing file: /tmp/e@)NA^V81).py
2025-12-02 19:37:08,412 - DEBUG - Parsing file: /tmp/Wy<nT|T=Gn.py
2025-12-02 19:37:08,412 - DEBUG - Parsing file: /tmp/=k8,#)Z9^{.py
2025-12-02 19:37:08,413 - DEBUG - Parsing file: /tmp/q6"DEg[?^D.py
2025-12-02 19:37:08,413 - DEBUG - Parsing file: /tmp/!iFH'yVZ:..py
2025-12-02 19:37:08,413 - DEBUG - Parsing file: /tmp/D+eM2jk=1X.py
2025-12-02 19:37:08,414 - DEBUG - Parsing file: /tmp/!RGNC*sK[S.py
2025-12-02 19:37:08,414 - DEBUG - Parsing file: /tmp/$bwdUXX!:R.py
2025-12-02 19:37:08,414 - DEBUG - Parsing file: /tmp/mtzpk-(7_D.py
2025-12-02 19:37:08,415 - DEBUG - Parsing file: /tmp/t/|0\t;SN(.py
2025-12-02 19:37:08,415 - DEBUG - Parsing file: /tmp/fx}~k]FK=t.py
2025-12-02 19:37:08,415 - DEBUG - Parsing file: /tmp/"@{Eq]n$q7.py
2025-12-02 19:37:08,415 - DEBUG - Parsing file: /tmp/=r<h<GmTGB.py
2025-12-02 19:37:08,415 - DEBUG - Parsing file: /tmp/my;y\"qofd.py
2025-12-02 19:37:08,415 - DEBUG - Parsing file: /tmp//iiUkib.Xm.py
2025-12-02 19:37:08,416 - DEBUG - Parsing file: /tmp/8o>uL{96)*.py
2025-12-02 19:37:08,416 - DEBUG - Parsing file: /tmp/#ae)o%*[`c.py
2025-12-02 19:37:08,416 - DEBUG - Parsing file: /tmp/MKvh1@&7f&.py
2025-12-02 19:37:08,416 - DEBUG - Parsing file: /tmp/2[Fv#?|hI\.py
2025-12-02 19:37:08,417 - DEBUG - Parsing file: /tmp/#111bvjSER.py
2025-12-02 19:37:08,417 - DEBUG - Parsing file: /tmp/Fi1WW}4aeS.py
2025-12-02 19:37:08,417 - DEBUG - Parsing file: /tmp/l,s!@')qi{.py
2025-12-02 19:37:08,417 - DEBUG - Parsing file: /tmp/NS4*A>Fs$+.py
2025-12-02 19:37:08,417 - DEBUG - Parsing file: /tmp/9U"CA.Dk$K.py
2025-12-02 19:37:08,418 - DEBUG - Parsing file: /tmp/0p-Ur#Z|a>.py
2025-12-02 19:37:08,418 - DEBUG - Parsing file: /tmp/M?Eo]y-}_!.py
2025-12-02 19:37:08,418 - DEBUG - Parsing file: /tmp/dX|u+ctziZ.py
2025-12-02 19:37:08,418 - DEBUG - Parsing file: /tmp/F\cqH>;cp3.py
2025-12-02 19:37:08,418 - DEBUG - Parsing file: /tmp/1MiV{K@u9&.py
